c:\users\cra\source\repos\kuka_integration2_kinectbaumerplatform2_18_8_18\kuka_integration2\x64\release\kuka_integration2.pch
c:\users\cra\source\repos\kuka_integration2_kinectbaumerplatform2_18_8_18\kuka_integration2\x64\release\vc141.pdb
c:\users\cra\source\repos\kuka_integration2_kinectbaumerplatform2_18_8_18\kuka_integration2\x64\release\stdafx.obj
c:\users\cra\source\repos\kuka_integration2_kinectbaumerplatform2_18_8_18\kuka_integration2\x64\release\main.obj
c:\users\cra\source\repos\kuka_integration2_kinectbaumerplatform2_18_8_18\kuka_integration2\x64\release\croute.obj
c:\users\cra\source\repos\kuka_integration2_kinectbaumerplatform2_18_8_18\kuka_integration2\x64\release\crobotcommunication.obj
c:\users\cra\source\repos\kuka_integration2_kinectbaumerplatform2_18_8_18\kuka_integration2\x64\release\cobjectdetection.obj
c:\users\cra\source\repos\kuka_integration2_kinectbaumerplatform2_18_8_18\kuka_integration2\x64\release\cmove.obj
c:\users\cra\source\repos\kuka_integration2_kinectbaumerplatform2_18_8_18\kuka_integration2\x64\release\ckinect2interface.obj
c:\users\cra\source\repos\kuka_integration2_kinectbaumerplatform2_18_8_18\kuka_integration2\x64\release\ceventqueue.obj
c:\users\cra\source\repos\kuka_integration2_kinectbaumerplatform2_18_8_18\kuka_integration2\x64\release\ccoordinate.obj
c:\users\cra\source\repos\kuka_integration2_kinectbaumerplatform2_18_8_18\kuka_integration2\x64\release\ccontroller.obj
c:\users\cra\source\repos\kuka_integration2_kinectbaumerplatform2_18_8_18\kuka_integration2\x64\release\cbaumercamera.obj
c:\users\cra\source\repos\kuka_integration2_kinectbaumerplatform2_18_8_18\x64\release\kuka_integration2.ipdb
c:\users\cra\source\repos\kuka_integration2_kinectbaumerplatform2_18_8_18\x64\release\kuka_integration2.iobj
c:\users\cra\source\repos\kuka_integration2_kinectbaumerplatform2_18_8_18\x64\release\kuka_integration2.exe
c:\users\cra\source\repos\kuka_integration2_kinectbaumerplatform2_18_8_18\x64\release\kuka_integration2.pdb
c:\users\cra\source\repos\kuka_integration2_kinectbaumerplatform2_18_8_18\kuka_integration2\x64\release\kuka_int.c1ee596b.tlog\cl.command.1.tlog
c:\users\cra\source\repos\kuka_integration2_kinectbaumerplatform2_18_8_18\kuka_integration2\x64\release\kuka_int.c1ee596b.tlog\cl.read.1.tlog
c:\users\cra\source\repos\kuka_integration2_kinectbaumerplatform2_18_8_18\kuka_integration2\x64\release\kuka_int.c1ee596b.tlog\cl.write.1.tlog
c:\users\cra\source\repos\kuka_integration2_kinectbaumerplatform2_18_8_18\kuka_integration2\x64\release\kuka_int.c1ee596b.tlog\kuka_integration2.write.1u.tlog
c:\users\cra\source\repos\kuka_integration2_kinectbaumerplatform2_18_8_18\kuka_integration2\x64\release\kuka_int.c1ee596b.tlog\link.command.1.tlog
c:\users\cra\source\repos\kuka_integration2_kinectbaumerplatform2_18_8_18\kuka_integration2\x64\release\kuka_int.c1ee596b.tlog\link.read.1.tlog
c:\users\cra\source\repos\kuka_integration2_kinectbaumerplatform2_18_8_18\kuka_integration2\x64\release\kuka_int.c1ee596b.tlog\link.write.1.tlog
