c:\users\cra\source\repos\kuka_integration2_kinectwebcamplatform2_8_8_18\kuka_integration2\x64\debug\kuka_integration2.pch
c:\users\cra\source\repos\kuka_integration2_kinectwebcamplatform2_8_8_18\kuka_integration2\x64\debug\vc141.pdb
c:\users\cra\source\repos\kuka_integration2_kinectwebcamplatform2_8_8_18\kuka_integration2\x64\debug\vc141.idb
c:\users\cra\source\repos\kuka_integration2_kinectwebcamplatform2_8_8_18\kuka_integration2\x64\debug\stdafx.obj
c:\users\cra\source\repos\kuka_integration2_kinectwebcamplatform2_8_8_18\kuka_integration2\x64\debug\main.obj
c:\users\cra\source\repos\kuka_integration2_kinectwebcamplatform2_8_8_18\kuka_integration2\x64\debug\croute.obj
c:\users\cra\source\repos\kuka_integration2_kinectwebcamplatform2_8_8_18\kuka_integration2\x64\debug\cobjectdetection.obj
c:\users\cra\source\repos\kuka_integration2_kinectwebcamplatform2_8_8_18\kuka_integration2\x64\debug\cmove.obj
c:\users\cra\source\repos\kuka_integration2_kinectwebcamplatform2_8_8_18\kuka_integration2\x64\debug\ckinect2interface.obj
c:\users\cra\source\repos\kuka_integration2_kinectwebcamplatform2_8_8_18\kuka_integration2\x64\debug\ceventqueue.obj
c:\users\cra\source\repos\kuka_integration2_kinectwebcamplatform2_8_8_18\kuka_integration2\x64\debug\ccoordinate.obj
c:\users\cra\source\repos\kuka_integration2_kinectwebcamplatform2_8_8_18\kuka_integration2\x64\debug\ccontroller.obj
c:\users\cra\source\repos\kuka_integration2_kinectwebcamplatform2_8_8_18\x64\debug\kuka_integration2.ilk
c:\users\cra\source\repos\kuka_integration2_kinectwebcamplatform2_8_8_18\x64\debug\kuka_integration2.exe
c:\users\cra\source\repos\kuka_integration2_kinectwebcamplatform2_8_8_18\x64\debug\kuka_integration2.pdb
c:\users\cra\source\repos\kuka_integration2_kinectwebcamplatform2_8_8_18\kuka_integration2\x64\debug\kuka_int.c1ee596b.tlog\cl.command.1.tlog
c:\users\cra\source\repos\kuka_integration2_kinectwebcamplatform2_8_8_18\kuka_integration2\x64\debug\kuka_int.c1ee596b.tlog\cl.read.1.tlog
c:\users\cra\source\repos\kuka_integration2_kinectwebcamplatform2_8_8_18\kuka_integration2\x64\debug\kuka_int.c1ee596b.tlog\cl.write.1.tlog
c:\users\cra\source\repos\kuka_integration2_kinectwebcamplatform2_8_8_18\kuka_integration2\x64\debug\kuka_int.c1ee596b.tlog\link.command.1.tlog
c:\users\cra\source\repos\kuka_integration2_kinectwebcamplatform2_8_8_18\kuka_integration2\x64\debug\kuka_int.c1ee596b.tlog\link.read.1.tlog
c:\users\cra\source\repos\kuka_integration2_kinectwebcamplatform2_8_8_18\kuka_integration2\x64\debug\kuka_int.c1ee596b.tlog\link.write.1.tlog
